<?xml version="1.0" encoding="UTF-8"?>
<!-- Generated by org.testng.reporters.JUnitReportReporter -->
<testsuite hostname="thusitha" failures="0" tests="5" name="com.bank.account.simplebankaccountservice.controller.AccountControllerTest" time="0.675" errors="0" timestamp="23 Apr 2021 20:44:59 GMT" skipped="0">
  <testcase classname="com.bank.account.simplebankaccountservice.controller.AccountControllerTest" name="create" time="0.125"/>
  <testcase classname="com.bank.account.simplebankaccountservice.controller.AccountControllerTest" name="contextLoads" time="0.001"/>
  <testcase classname="com.bank.account.simplebankaccountservice.controller.AccountControllerTest" name="deposit" time="0.111"/>
  <testcase classname="com.bank.account.simplebankaccountservice.controller.AccountControllerTest" name="balance" time="0.313"/>
  <testcase classname="com.bank.account.simplebankaccountservice.controller.AccountControllerTest" name="withdrawal" time="0.125"/>
</testsuite> <!-- com.bank.account.simplebankaccountservice.controller.AccountControllerTest -->
